2018-03-13 10:17:29,475 - spam_application - INFO - creatting an instance of Auxiliary_module.Auxiliary
2018-03-13 10:17:29,475 - spam_application - INFO - creatting an instance of Auxiliary_module.Auxiliary
2018-03-13 10:17:29,475 - spam_application.auxiliary.Auxiliary - INFO - creating an instance of Auxiliary
2018-03-13 10:17:29,475 - spam_application.auxiliary.Auxiliary - INFO - creating an instance of Auxiliary
2018-03-13 10:17:29,476 - spam_application - INFO - created an instance of auxiliary_module.Auxiliary
2018-03-13 10:17:29,476 - spam_application - INFO - created an instance of auxiliary_module.Auxiliary
2018-03-13 10:17:29,476 - spam_application - INFO - calling auxiliary_module.Auxiliary.do_something
2018-03-13 10:17:29,476 - spam_application - INFO - calling auxiliary_module.Auxiliary.do_something
2018-03-13 10:17:29,476 - spam_application.auxiliary.Auxiliary - INFO - doing something
2018-03-13 10:17:29,476 - spam_application.auxiliary.Auxiliary - INFO - doing something
2018-03-13 10:17:29,476 - spam_application.auxiliary.Auxiliary - INFO - done doing something
2018-03-13 10:17:29,476 - spam_application.auxiliary.Auxiliary - INFO - done doing something
2018-03-13 10:17:29,476 - spam_application - INFO - finished auxilary_module.Auxiliary.do_something
2018-03-13 10:17:29,476 - spam_application - INFO - finished auxilary_module.Auxiliary.do_something
2018-03-13 10:17:29,476 - spam_application - INFO - calling auxiliary_module.some_function
2018-03-13 10:17:29,476 - spam_application - INFO - calling auxiliary_module.some_function
2018-03-13 10:17:29,476 - spam_application.auxiliary - INFO - received a call to "some function"
2018-03-13 10:17:29,476 - spam_application.auxiliary - INFO - received a call to "some function"
2018-03-13 10:17:29,476 - spam_application - INFO - done with auxiliary_module.some_function()
2018-03-13 10:17:29,476 - spam_application - INFO - done with auxiliary_module.some_function()
2018-03-13 10:35:32,752 - spam_application - INFO - creatting an instance of Auxiliary_module.Auxiliary
2018-03-13 10:35:32,752 - spam_application.auxiliary.Auxiliary - INFO - creating an instance of Auxiliary
2018-03-13 10:35:32,752 - spam_application - INFO - created an instance of auxiliary_module.Auxiliary
2018-03-13 10:35:32,753 - spam_application - INFO - calling auxiliary_module.Auxiliary.do_something
2018-03-13 10:35:32,753 - spam_application.auxiliary.Auxiliary - INFO - doing something
2018-03-13 10:35:32,753 - spam_application.auxiliary.Auxiliary - INFO - done doing something
2018-03-13 10:35:32,753 - spam_application - INFO - finished auxilary_module.Auxiliary.do_something
2018-03-13 10:35:32,753 - spam_application - INFO - calling auxiliary_module.some_function
2018-03-13 10:35:32,753 - spam_application.auxiliary - INFO - received a call to "some function"
2018-03-13 10:35:32,753 - spam_application - INFO - done with auxiliary_module.some_function()
